<?xml version="1.0" encoding="UTF-8"?>
<!-- Generated by org.testng.reporters.JUnitXMLReporter -->
<testsuite ignored="0" hostname="DESKTOP-583CPCV" failures="2" tests="3" name="Test" time="0.062" errors="0" timestamp="2022-02-28T19:57:15 GMT-05:00">
  <testcase classname="com.test.testngexample" name="nine" time="0.006"/>
  <testcase classname="com.test.OrangeLogin" name="snap" time="0.005">
    <failure type="java.lang.NullPointerException">
      <![CDATA[java.lang.NullPointerException
at com.test.OrangeLogin.snap(OrangeLogin.java:39)
at java.base/java.util.ArrayList.forEach(ArrayList.java:1541)
... Removed 27 stack frames]]>
    </failure>
  </testcase> <!-- snap -->
  <testcase classname="com.test.ScreenshotExample" name="snap" time="0.001">
    <failure type="java.lang.NullPointerException">
      <![CDATA[java.lang.NullPointerException
at com.test.ScreenshotExample.snap(ScreenshotExample.java:42)
at java.base/java.util.ArrayList.forEach(ArrayList.java:1541)
... Removed 27 stack frames]]>
    </failure>
  </testcase> <!-- snap -->
</testsuite> <!-- Test -->
