<?xml version="1.0" encoding="UTF-8"?>
<testng-results ignored="0" total="1" passed="1" failed="0" skipped="0">
  <reporter-output>
  </reporter-output>
  <suite started-at="2022-02-28T19:59:24 GMT-05:00" name="Default suite" finished-at="2022-02-28T19:59:24 GMT-05:00" duration-ms="45">
    <groups>
    </groups>
    <test started-at="2022-02-28T19:59:24 GMT-05:00" name="Default test" finished-at="2022-02-28T19:59:24 GMT-05:00" duration-ms="45">
      <class name="com.test.testngexample">
        <test-method is-config="true" signature="one()[pri:0, instance:com.test.testngexample@581ac8a8]" started-at="2022-02-28T19:59:24 GMT-05:00" name="one" finished-at="2022-02-28T19:59:24 GMT-05:00" duration-ms="6" status="PASS">
          <reporter-output>
          </reporter-output>
        </test-method> <!-- one -->
        <test-method is-config="true" signature="five()[pri:0, instance:com.test.testngexample@581ac8a8]" started-at="2022-02-28T19:59:24 GMT-05:00" name="five" finished-at="2022-02-28T19:59:24 GMT-05:00" duration-ms="0" status="PASS">
          <reporter-output>
          </reporter-output>
        </test-method> <!-- five -->
        <test-method is-config="true" signature="seven()[pri:0, instance:com.test.testngexample@581ac8a8]" started-at="2022-02-28T19:59:24 GMT-05:00" name="seven" finished-at="2022-02-28T19:59:24 GMT-05:00" duration-ms="0" status="PASS">
          <reporter-output>
          </reporter-output>
        </test-method> <!-- seven -->
        <test-method signature="nine()[pri:0, instance:com.test.testngexample@581ac8a8]" started-at="2022-02-28T19:59:24 GMT-05:00" name="nine" finished-at="2022-02-28T19:59:24 GMT-05:00" duration-ms="5" status="PASS">
          <reporter-output>
          </reporter-output>
        </test-method> <!-- nine -->
        <test-method is-config="true" signature="eight()[pri:0, instance:com.test.testngexample@581ac8a8]" started-at="2022-02-28T19:59:24 GMT-05:00" name="eight" finished-at="2022-02-28T19:59:24 GMT-05:00" duration-ms="1" status="PASS">
          <reporter-output>
          </reporter-output>
        </test-method> <!-- eight -->
        <test-method is-config="true" signature="six()[pri:0, instance:com.test.testngexample@581ac8a8]" started-at="2022-02-28T19:59:24 GMT-05:00" name="six" finished-at="2022-02-28T19:59:24 GMT-05:00" duration-ms="1" status="PASS">
          <reporter-output>
          </reporter-output>
        </test-method> <!-- six -->
        <test-method is-config="true" signature="two()[pri:0, instance:com.test.testngexample@581ac8a8]" started-at="2022-02-28T19:59:24 GMT-05:00" name="two" finished-at="2022-02-28T19:59:24 GMT-05:00" duration-ms="1" status="PASS">
          <reporter-output>
          </reporter-output>
        </test-method> <!-- two -->
      </class> <!-- com.test.testngexample -->
    </test> <!-- Default test -->
  </suite> <!-- Default suite -->
</testng-results>
